<?xml version="1.0" encoding="UTF-8"?>
<testsuite xmlns:xsi="http://www.w3.org/2001/XMLSchema-instance" xsi:noNamespaceSchemaLocation="https://maven.apache.org/surefire/maven-surefire-plugin/xsd/surefire-test-report-3.0.xsd" version="3.0" name="br.unicamp.ic.inf335.beans.ProdutoBeanTest" time="0.209" tests="13" errors="0" skipped="0" failures="0">
  <properties>
    <property name="java.specification.version" value="16"/>
    <property name="sun.jnu.encoding" value="UTF-8"/>
    <property name="java.class.path" value="/home/osboxes/Desktop/Rep4/meu-app/target/test-classes:/home/osboxes/Desktop/Rep4/meu-app/target/classes:/home/osboxes/.m2/repository/org/junit/jupiter/junit-jupiter-engine/5.9.1/junit-jupiter-engine-5.9.1.jar:/home/osboxes/.m2/repository/org/junit/platform/junit-platform-engine/1.9.1/junit-platform-engine-1.9.1.jar:/home/osboxes/.m2/repository/org/opentest4j/opentest4j/1.2.0/opentest4j-1.2.0.jar:/home/osboxes/.m2/repository/org/junit/platform/junit-platform-commons/1.9.1/junit-platform-commons-1.9.1.jar:/home/osboxes/.m2/repository/org/junit/jupiter/junit-jupiter-api/5.9.1/junit-jupiter-api-5.9.1.jar:/home/osboxes/.m2/repository/org/apiguardian/apiguardian-api/1.1.2/apiguardian-api-1.1.2.jar:/home/osboxes/.m2/repository/org/junit/platform/junit-platform-suite-engine/1.9.1/junit-platform-suite-engine-1.9.1.jar:/home/osboxes/.m2/repository/org/junit/platform/junit-platform-suite-api/1.9.1/junit-platform-suite-api-1.9.1.jar:/home/osboxes/.m2/repository/org/junit/platform/junit-platform-suite-commons/1.9.1/junit-platform-suite-commons-1.9.1.jar:/home/osboxes/.m2/repository/org/junit/platform/junit-platform-launcher/1.9.1/junit-platform-launcher-1.9.1.jar:"/>
    <property name="java.vm.vendor" value="Private Build"/>
    <property name="sun.arch.data.model" value="64"/>
    <property name="java.vendor.url" value="Unknown"/>
    <property name="os.name" value="Linux"/>
    <property name="java.vm.specification.version" value="16"/>
    <property name="sun.java.launcher" value="SUN_STANDARD"/>
    <property name="user.country" value="US"/>
    <property name="sun.boot.library.path" value="/usr/lib/jvm/java-16-openjdk-amd64/lib"/>
    <property name="sun.java.command" value="/home/osboxes/Desktop/Rep4/meu-app/target/surefire/surefirebooter-20230503215301034_3.jar /home/osboxes/Desktop/Rep4/meu-app/target/surefire 2023-05-03T21-53-00_845-jvmRun1 surefire-20230503215301034_1tmp surefire_0-20230503215301034_2tmp"/>
    <property name="jdk.debug" value="release"/>
    <property name="surefire.test.class.path" value="/home/osboxes/Desktop/Rep4/meu-app/target/test-classes:/home/osboxes/Desktop/Rep4/meu-app/target/classes:/home/osboxes/.m2/repository/org/junit/jupiter/junit-jupiter-engine/5.9.1/junit-jupiter-engine-5.9.1.jar:/home/osboxes/.m2/repository/org/junit/platform/junit-platform-engine/1.9.1/junit-platform-engine-1.9.1.jar:/home/osboxes/.m2/repository/org/opentest4j/opentest4j/1.2.0/opentest4j-1.2.0.jar:/home/osboxes/.m2/repository/org/junit/platform/junit-platform-commons/1.9.1/junit-platform-commons-1.9.1.jar:/home/osboxes/.m2/repository/org/junit/jupiter/junit-jupiter-api/5.9.1/junit-jupiter-api-5.9.1.jar:/home/osboxes/.m2/repository/org/apiguardian/apiguardian-api/1.1.2/apiguardian-api-1.1.2.jar:/home/osboxes/.m2/repository/org/junit/platform/junit-platform-suite-engine/1.9.1/junit-platform-suite-engine-1.9.1.jar:/home/osboxes/.m2/repository/org/junit/platform/junit-platform-suite-api/1.9.1/junit-platform-suite-api-1.9.1.jar:/home/osboxes/.m2/repository/org/junit/platform/junit-platform-suite-commons/1.9.1/junit-platform-suite-commons-1.9.1.jar:/home/osboxes/.m2/repository/org/junit/platform/junit-platform-launcher/1.9.1/junit-platform-launcher-1.9.1.jar:"/>
    <property name="sun.cpu.endian" value="little"/>
    <property name="user.home" value="/home/osboxes"/>
    <property name="user.language" value="en"/>
    <property name="java.specification.vendor" value="Oracle Corporation"/>
    <property name="java.version.date" value="2021-07-20"/>
    <property name="java.home" value="/usr/lib/jvm/java-16-openjdk-amd64"/>
    <property name="file.separator" value="/"/>
    <property name="basedir" value="/home/osboxes/Desktop/Rep4/meu-app"/>
    <property name="java.vm.compressedOopsMode" value="32-bit"/>
    <property name="line.separator" value="&#10;"/>
    <property name="java.vm.specification.vendor" value="Oracle Corporation"/>
    <property name="java.specification.name" value="Java Platform API Specification"/>
    <property name="surefire.real.class.path" value="/home/osboxes/Desktop/Rep4/meu-app/target/surefire/surefirebooter-20230503215301034_3.jar"/>
    <property name="sun.management.compiler" value="HotSpot 64-Bit Tiered Compilers"/>
    <property name="java.runtime.version" value="16.0.2+7-Ubuntu-2"/>
    <property name="user.name" value="osboxes"/>
    <property name="path.separator" value=":"/>
    <property name="os.version" value="5.13.0-40-generic"/>
    <property name="java.runtime.name" value="OpenJDK Runtime Environment"/>
    <property name="file.encoding" value="UTF-8"/>
    <property name="java.vm.name" value="OpenJDK 64-Bit Server VM"/>
    <property name="localRepository" value="/home/osboxes/.m2/repository"/>
    <property name="java.vendor.url.bug" value="Unknown"/>
    <property name="java.io.tmpdir" value="/tmp"/>
    <property name="java.version" value="16.0.2"/>
    <property name="user.dir" value="/home/osboxes/Desktop/Rep4/meu-app"/>
    <property name="os.arch" value="amd64"/>
    <property name="java.vm.specification.name" value="Java Virtual Machine Specification"/>
    <property name="java.library.path" value="/usr/java/packages/lib:/usr/lib/x86_64-linux-gnu/jni:/lib/x86_64-linux-gnu:/usr/lib/x86_64-linux-gnu:/usr/lib/jni:/lib:/usr/lib"/>
    <property name="java.vm.info" value="mixed mode, sharing"/>
    <property name="java.vendor" value="Private Build"/>
    <property name="java.vm.version" value="16.0.2+7-Ubuntu-2"/>
    <property name="sun.io.unicode.encoding" value="UnicodeLittle"/>
    <property name="java.class.version" value="60.0"/>
  </properties>
  <testcase name="Compare_Test_With_Equal_Value" classname="br.unicamp.ic.inf335.beans.ProdutoBeanTest" time="0.07"/>
  <testcase name="Get_Descricao_Test" classname="br.unicamp.ic.inf335.beans.ProdutoBeanTest" time="0.006"/>
  <testcase name="Set_Codigo_Test" classname="br.unicamp.ic.inf335.beans.ProdutoBeanTest" time="0"/>
  <testcase name="Compare_Test_With_Lower_Value" classname="br.unicamp.ic.inf335.beans.ProdutoBeanTest" time="0.004"/>
  <testcase name="Get_Nome_Test" classname="br.unicamp.ic.inf335.beans.ProdutoBeanTest" time="0.002"/>
  <testcase name="Get_Estado_Test" classname="br.unicamp.ic.inf335.beans.ProdutoBeanTest" time="0.001"/>
  <testcase name="Set_Descricao_Test" classname="br.unicamp.ic.inf335.beans.ProdutoBeanTest" time="0"/>
  <testcase name="Set_Valor_Test" classname="br.unicamp.ic.inf335.beans.ProdutoBeanTest" time="0.001"/>
  <testcase name="Set_Nome_Test" classname="br.unicamp.ic.inf335.beans.ProdutoBeanTest" time="0.006"/>
  <testcase name="Set_Estado_Test" classname="br.unicamp.ic.inf335.beans.ProdutoBeanTest" time="0"/>
  <testcase name="Get_Valor_Test" classname="br.unicamp.ic.inf335.beans.ProdutoBeanTest" time="0"/>
  <testcase name="Compare_Test_With_Higher_Value" classname="br.unicamp.ic.inf335.beans.ProdutoBeanTest" time="0.001"/>
  <testcase name="Get_Codigo_Test" classname="br.unicamp.ic.inf335.beans.ProdutoBeanTest" time="0"/>
</testsuite>